<?xml version="1.0" encoding="UTF-8"?>
<testsuite name="MainKtTest" tests="12" skipped="0" failures="0" errors="0" timestamp="2023-03-01T14:21:37" hostname="MSI" time="0.006">
  <properties/>
  <testcase name="commissionCalculationTestCardVisa" classname="MainKtTest" time="0.005"/>
  <testcase name="commissionCalculationTestCardMaestroProcent" classname="MainKtTest" time="0.0"/>
  <testcase name="commissionCalculation" classname="MainKtTest" time="0.0"/>
  <testcase name="texToScreenTestExceeding" classname="MainKtTest" time="0.0"/>
  <testcase name="commissionCalculationLimit" classname="MainKtTest" time="0.0"/>
  <testcase name="commissionCalculationTestCardMasterCardProcent" classname="MainKtTest" time="0.0"/>
  <testcase name="texToScreenTest" classname="MainKtTest" time="0.0"/>
  <testcase name="commissionCalculationTestCardMirProcent" classname="MainKtTest" time="0.0"/>
  <testcase name="commissionCalculationTestCardMasterCard" classname="MainKtTest" time="0.0"/>
  <testcase name="commissionCalculationTestCardMir" classname="MainKtTest" time="0.0"/>
  <testcase name="commissionCalculationTestCardVisaProcent" classname="MainKtTest" time="0.0"/>
  <testcase name="commissionCalculationTestCardMaestro" classname="MainKtTest" time="0.0"/>
  <system-out><![CDATA[]]></system-out>
  <system-err><![CDATA[]]></system-err>
</testsuite>
