<?xml version="1.0" encoding="UTF-8"?>
<testsuite name="MainKtTest" tests="1" skipped="0" failures="0" errors="0" timestamp="2023-03-03T17:39:07" hostname="MSI" time="0.005">
  <properties/>
  <testcase name="commissionCalculationTestCardMirProcent" classname="MainKtTest" time="0.005"/>
  <system-out><![CDATA[]]></system-out>
  <system-err><![CDATA[]]></system-err>
</testsuite>
